<?xml version="1.0" encoding="UTF-8"?>
<testng-results ignored="0" total="3" passed="3" failed="0" skipped="0">
  <reporter-output>
  </reporter-output>
  <suite started-at="2022-04-20T07:42:45 IST" name="Default suite" finished-at="2022-04-20T07:42:57 IST" duration-ms="12742">
    <groups>
    </groups>
    <test started-at="2022-04-20T07:42:45 IST" name="Default test" finished-at="2022-04-20T07:42:57 IST" duration-ms="12742">
      <class name="org.task.Task1">
        <test-method is-config="true" signature="beforeclass()[pri:0, instance:org.task.Task1@2a54a73f]" started-at="2022-04-20T07:42:45 IST" name="beforeclass" finished-at="2022-04-20T07:42:49 IST" duration-ms="4181" status="PASS">
          <reporter-output>
          </reporter-output>
        </test-method> <!-- beforeclass -->
        <test-method is-config="true" signature="beforemethod()[pri:0, instance:org.task.Task1@2a54a73f]" started-at="2022-04-20T07:42:49 IST" name="beforemethod" finished-at="2022-04-20T07:42:49 IST" duration-ms="34" status="PASS">
          <reporter-output>
          </reporter-output>
        </test-method> <!-- beforemethod -->
        <test-method signature="test1()[pri:0, instance:org.task.Task1@2a54a73f]" started-at="2022-04-20T07:42:49 IST" name="test1" finished-at="2022-04-20T07:42:55 IST" duration-ms="6050" status="PASS">
          <reporter-output>
          </reporter-output>
        </test-method> <!-- test1 -->
        <test-method is-config="true" signature="beforemethod()[pri:0, instance:org.task.Task1@2a54a73f]" started-at="2022-04-20T07:42:55 IST" name="beforemethod" finished-at="2022-04-20T07:42:55 IST" duration-ms="1" status="PASS">
          <reporter-output>
          </reporter-output>
        </test-method> <!-- beforemethod -->
        <test-method signature="test2()[pri:0, instance:org.task.Task1@2a54a73f]" started-at="2022-04-20T07:42:55 IST" name="test2" finished-at="2022-04-20T07:42:57 IST" duration-ms="1794" status="PASS">
          <reporter-output>
          </reporter-output>
        </test-method> <!-- test2 -->
        <test-method is-config="true" signature="beforemethod()[pri:0, instance:org.task.Task1@2a54a73f]" started-at="2022-04-20T07:42:57 IST" name="beforemethod" finished-at="2022-04-20T07:42:57 IST" duration-ms="2" status="PASS">
          <reporter-output>
          </reporter-output>
        </test-method> <!-- beforemethod -->
        <test-method signature="test3()[pri:0, instance:org.task.Task1@2a54a73f]" started-at="2022-04-20T07:42:57 IST" name="test3" finished-at="2022-04-20T07:42:57 IST" duration-ms="602" status="PASS">
          <reporter-output>
          </reporter-output>
        </test-method> <!-- test3 -->
      </class> <!-- org.task.Task1 -->
    </test> <!-- Default test -->
  </suite> <!-- Default suite -->
</testng-results>
